<?xml version="1.0" encoding="UTF-8"?>
<!-- Generated by org.testng.reporters.JUnitXMLReporter -->
<testsuite ignored="0" hostname="selenium19" failures="0" tests="4" name="Default test" time="2.2" errors="0" timestamp="2024-12-19T10:40:24 IST">
  <testcase classname="testScripts.PlaceOrderTest" name="loginTest" time="0.507"/>
  <testcase classname="testScripts.PlaceOrderTest" name="additemTest" time="0.356"/>
  <testcase classname="testScripts.PlaceOrderTest" name="checkoutitemTest" time="0.109"/>
  <testcase classname="testScripts.PlaceOrderTest" name="checkoutPageTest" time="0.534"/>
</testsuite> <!-- Default test -->
