<?xml version="1.0" encoding="UTF-8"?>
<testng-results ignored="0" total="4" passed="4" failed="0" skipped="0">
  <reporter-output>
  </reporter-output>
  <suite started-at="2024-12-19T10:40:22 IST" name="Default suite" finished-at="2024-12-19T10:40:24 IST" duration-ms="2200">
    <groups>
    </groups>
    <test started-at="2024-12-19T10:40:22 IST" name="Default test" finished-at="2024-12-19T10:40:24 IST" duration-ms="2200">
      <class name="testScripts.PlaceOrderTest">
        <test-method is-config="true" signature="setup()[pri:0, instance:testScripts.PlaceOrderTest@2c177f9e]" started-at="2024-12-19T10:40:22 IST" name="setup" finished-at="2024-12-19T10:40:23 IST" duration-ms="620" status="PASS">
          <reporter-output>
          </reporter-output>
        </test-method> <!-- setup -->
        <test-method signature="loginTest()[pri:1, instance:testScripts.PlaceOrderTest@2c177f9e]" started-at="2024-12-19T10:40:23 IST" name="loginTest" finished-at="2024-12-19T10:40:23 IST" duration-ms="507" status="PASS">
          <reporter-output>
          </reporter-output>
        </test-method> <!-- loginTest -->
        <test-method signature="additemTest()[pri:2, instance:testScripts.PlaceOrderTest@2c177f9e]" started-at="2024-12-19T10:40:23 IST" name="additemTest" finished-at="2024-12-19T10:40:23 IST" duration-ms="356" status="PASS">
          <reporter-output>
          </reporter-output>
        </test-method> <!-- additemTest -->
        <test-method signature="checkoutitemTest()[pri:3, instance:testScripts.PlaceOrderTest@2c177f9e]" started-at="2024-12-19T10:40:23 IST" name="checkoutitemTest" finished-at="2024-12-19T10:40:24 IST" duration-ms="109" status="PASS">
          <reporter-output>
          </reporter-output>
        </test-method> <!-- checkoutitemTest -->
        <test-method signature="checkoutPageTest()[pri:4, instance:testScripts.PlaceOrderTest@2c177f9e]" started-at="2024-12-19T10:40:24 IST" name="checkoutPageTest" finished-at="2024-12-19T10:40:24 IST" duration-ms="534" status="PASS">
          <reporter-output>
          </reporter-output>
        </test-method> <!-- checkoutPageTest -->
      </class> <!-- testScripts.PlaceOrderTest -->
    </test> <!-- Default test -->
  </suite> <!-- Default suite -->
</testng-results>
